<?xml version="1.0" encoding="UTF-8"?>
<testsuites>
  <testsuite name="" tests="25" assertions="39" errors="0" warnings="0" failures="0" skipped="0" time="0.033375">
    <testsuite name="Project Test Suite" tests="25" assertions="39" errors="0" warnings="0" failures="0" skipped="0" time="0.033375">
      <testsuite name="App\Cards\CardGraphicTest" file="/home/mobn/dbwebb-kurser/mvc/me/report/tests/Cards/CardGraphicTest.php" tests="6" assertions="9" errors="0" warnings="0" failures="0" skipped="0" time="0.019667">
        <testcase name="testCreateCardGraphic" class="App\Cards\CardGraphicTest" classname="App.Cards.CardGraphicTest" file="/home/mobn/dbwebb-kurser/mvc/me/report/tests/Cards/CardGraphicTest.php" line="16" assertions="2" time="0.007484"/>
        <testcase name="testGetAllCardsAsString" class="App\Cards\CardGraphicTest" classname="App.Cards.CardGraphicTest" file="/home/mobn/dbwebb-kurser/mvc/me/report/tests/Cards/CardGraphicTest.php" line="25" assertions="1" time="0.000282"/>
        <testcase name="testRoll" class="App\Cards\CardGraphicTest" classname="App.Cards.CardGraphicTest" file="/home/mobn/dbwebb-kurser/mvc/me/report/tests/Cards/CardGraphicTest.php" line="32" assertions="1" time="0.001144"/>
        <testcase name="testRandomCard" class="App\Cards\CardGraphicTest" classname="App.Cards.CardGraphicTest" file="/home/mobn/dbwebb-kurser/mvc/me/report/tests/Cards/CardGraphicTest.php" line="40" assertions="3" time="0.010296"/>
        <testcase name="testCardsArrayCount" class="App\Cards\CardGraphicTest" classname="App.Cards.CardGraphicTest" file="/home/mobn/dbwebb-kurser/mvc/me/report/tests/Cards/CardGraphicTest.php" line="58" assertions="1" time="0.000233"/>
        <testcase name="testChosenCards" class="App\Cards\CardGraphicTest" classname="App.Cards.CardGraphicTest" file="/home/mobn/dbwebb-kurser/mvc/me/report/tests/Cards/CardGraphicTest.php" line="66" assertions="1" time="0.000229"/>
      </testsuite>
      <testsuite name="App\Cards\CardHandTest" file="/home/mobn/dbwebb-kurser/mvc/me/report/tests/Cards/CardHandTest.php" tests="5" assertions="5" errors="0" warnings="0" failures="0" skipped="0" time="0.002114">
        <testcase name="testAddStubbedCards" class="App\Cards\CardHandTest" classname="App.Cards.CardHandTest" file="/home/mobn/dbwebb-kurser/mvc/me/report/tests/Cards/CardHandTest.php" line="15" assertions="1" time="0.000717"/>
        <testcase name="testGetAllValues" class="App\Cards\CardHandTest" classname="App.Cards.CardHandTest" file="/home/mobn/dbwebb-kurser/mvc/me/report/tests/Cards/CardHandTest.php" line="31" assertions="1" time="0.000371"/>
        <testcase name="testGetValues" class="App\Cards\CardHandTest" classname="App.Cards.CardHandTest" file="/home/mobn/dbwebb-kurser/mvc/me/report/tests/Cards/CardHandTest.php" line="43" assertions="1" time="0.000349"/>
        <testcase name="testGetString" class="App\Cards\CardHandTest" classname="App.Cards.CardHandTest" file="/home/mobn/dbwebb-kurser/mvc/me/report/tests/Cards/CardHandTest.php" line="55" assertions="1" time="0.000346"/>
        <testcase name="testGetNumberCards" class="App\Cards\CardHandTest" classname="App.Cards.CardHandTest" file="/home/mobn/dbwebb-kurser/mvc/me/report/tests/Cards/CardHandTest.php" line="67" assertions="1" time="0.000331"/>
      </testsuite>
      <testsuite name="App\Cards\CardTest" file="/home/mobn/dbwebb-kurser/mvc/me/report/tests/Cards/CardTest.php" tests="1" assertions="3" errors="0" warnings="0" failures="0" skipped="0" time="0.000241">
        <testcase name="testCreateCard" class="App\Cards\CardTest" classname="App.Cards.CardTest" file="/home/mobn/dbwebb-kurser/mvc/me/report/tests/Cards/CardTest.php" line="18" assertions="3" time="0.000241"/>
      </testsuite>
      <testsuite name="App\Cards\GameTest" file="/home/mobn/dbwebb-kurser/mvc/me/report/tests/Cards/GameTest.php" tests="2" assertions="2" errors="0" warnings="0" failures="0" skipped="0" time="0.001167">
        <testcase name="testDrawCard" class="App\Cards\GameTest" classname="App.Cards.GameTest" file="/home/mobn/dbwebb-kurser/mvc/me/report/tests/Cards/GameTest.php" line="12" assertions="1" time="0.000947">
          <system-out>ðŸ‚º</system-out>
        </testcase>
        <testcase name="testCalculateHandValue" class="App\Cards\GameTest" classname="App.Cards.GameTest" file="/home/mobn/dbwebb-kurser/mvc/me/report/tests/Cards/GameTest.php" line="27" assertions="1" time="0.000220"/>
      </testsuite>
      <testsuite name="App\Dice\DiceGraphicTest" file="/home/mobn/dbwebb-kurser/mvc/me/report/tests/Dice/DiceGraphicTest.php" tests="2" assertions="2" errors="0" warnings="0" failures="0" skipped="0" time="0.001029">
        <testcase name="testInheritance" class="App\Dice\DiceGraphicTest" classname="App.Dice.DiceGraphicTest" file="/home/mobn/dbwebb-kurser/mvc/me/report/tests/Dice/DiceGraphicTest.php" line="15" assertions="1" time="0.000796"/>
        <testcase name="testGetAsString" class="App\Dice\DiceGraphicTest" classname="App.Dice.DiceGraphicTest" file="/home/mobn/dbwebb-kurser/mvc/me/report/tests/Dice/DiceGraphicTest.php" line="24" assertions="1" time="0.000233"/>
      </testsuite>
      <testsuite name="App\Dice\DiceHandTest" file="/home/mobn/dbwebb-kurser/mvc/me/report/tests/Dice/DiceHandTest.php" tests="5" assertions="8" errors="0" warnings="0" failures="0" skipped="0" time="0.003307">
        <testcase name="testAddStubbedDices" class="App\Dice\DiceHandTest" classname="App.Dice.DiceHandTest" file="/home/mobn/dbwebb-kurser/mvc/me/report/tests/Dice/DiceHandTest.php" line="15" assertions="1" time="0.001209"/>
        <testcase name="testRollReturn" class="App\Dice\DiceHandTest" classname="App.Dice.DiceHandTest" file="/home/mobn/dbwebb-kurser/mvc/me/report/tests/Dice/DiceHandTest.php" line="37" assertions="2" time="0.000636"/>
        <testcase name="testGetNumberDices" class="App\Dice\DiceHandTest" classname="App.Dice.DiceHandTest" file="/home/mobn/dbwebb-kurser/mvc/me/report/tests/Dice/DiceHandTest.php" line="51" assertions="1" time="0.000235"/>
        <testcase name="testGetValues" class="App\Dice\DiceHandTest" classname="App.Dice.DiceHandTest" file="/home/mobn/dbwebb-kurser/mvc/me/report/tests/Dice/DiceHandTest.php" line="64" assertions="2" time="0.000973"/>
        <testcase name="testGetAllValues" class="App\Dice\DiceHandTest" classname="App.Dice.DiceHandTest" file="/home/mobn/dbwebb-kurser/mvc/me/report/tests/Dice/DiceHandTest.php" line="81" assertions="2" time="0.000254"/>
      </testsuite>
      <testsuite name="App\Dice\DiceTest" file="/home/mobn/dbwebb-kurser/mvc/me/report/tests/Dice/DiceTest.php" tests="3" assertions="8" errors="0" warnings="0" failures="0" skipped="0" time="0.001876">
        <testcase name="testCreateDice" class="App\Dice\DiceTest" classname="App.Dice.DiceTest" file="/home/mobn/dbwebb-kurser/mvc/me/report/tests/Dice/DiceTest.php" line="16" assertions="2" time="0.000247"/>
        <testcase name="testStubRollDiceLastRoll" class="App\Dice\DiceTest" classname="App.Dice.DiceTest" file="/home/mobn/dbwebb-kurser/mvc/me/report/tests/Dice/DiceTest.php" line="28" assertions="1" time="0.000356"/>
        <testcase name="testRoll" class="App\Dice\DiceTest" classname="App.Dice.DiceTest" file="/home/mobn/dbwebb-kurser/mvc/me/report/tests/Dice/DiceTest.php" line="45" assertions="5" time="0.001273"/>
      </testsuite>
      <testsuite name="App\Dice\BookRepositoryTest" file="/home/mobn/dbwebb-kurser/mvc/me/report/tests/repositories/BookRepositoryTest.php" tests="1" assertions="2" errors="0" warnings="0" failures="0" skipped="0" time="0.003973">
        <testcase name="testGetMaxId" class="App\Dice\BookRepositoryTest" classname="App.Dice.BookRepositoryTest" file="/home/mobn/dbwebb-kurser/mvc/me/report/tests/repositories/BookRepositoryTest.php" line="16" assertions="2" time="0.003973"/>
      </testsuite>
    </testsuite>
  </testsuite>
</testsuites>
